12:14:07.775 [main] ERROR testCases.IAO_Continue_Customer_Creation - Exception Found
12:46:08.389 [main] INFO  org.testng.internal.Utils - [TestNG] Running:
  C:\Users\Lenovo\eclipse-workspace\Re-Imagination\testng.xml

12:46:35.906 [main] INFO  org.testng.internal.Utils - [TestNG] Running:
  C:\Users\Lenovo\eclipse-workspace\Re-Imagination\testng.xml

12:47:05.010 [main] INFO  testCases.IAO_Continue_Customer_Creation - ** Clicked on Proceed after UID ***
12:47:12.689 [main] INFO  testCases.IAO_Continue_Customer_Creation - ** Clicked on FP Scanner Button ***
12:47:13.068 [main] INFO  testCases.IAO_Continue_Customer_Creation - ** Clicked on Proceed Fp Capture ***
12:47:32.496 [main] INFO  testCases.IAO_Continue_Customer_Creation - ** Clicked on Ok Button Popup ***
12:47:32.612 [main] INFO  testCases.IAO_Continue_Customer_Creation - ** Clicked on Proceed Button Initial Details ***
12:48:19.120 [main] INFO  org.testng.internal.Utils - [TestNG] Running:
  C:\Users\Lenovo\eclipse-workspace\Re-Imagination\testng.xml

12:48:48.080 [main] INFO  testCases.IAO_Continue_Customer_Creation - ** Clicked on Proceed after UID ***
12:48:53.415 [main] INFO  testCases.IAO_Continue_Customer_Creation - ** Clicked on FP Scanner Button ***
12:48:53.745 [main] INFO  testCases.IAO_Continue_Customer_Creation - ** Clicked on Proceed Fp Capture ***
12:49:14.113 [main] INFO  testCases.IAO_Continue_Customer_Creation - ** Clicked on Ok Button Popup ***
12:49:14.225 [main] INFO  testCases.IAO_Continue_Customer_Creation - ** Clicked on Proceed Button Initial Details ***
13:04:25.973 [main] INFO  org.testng.internal.Utils - [TestNG] Running:
  C:\Users\Lenovo\eclipse-workspace\Re-Imagination\testng.xml

13:04:56.879 [main] INFO  testCases.IAO_Continue_Customer_Creation - ** Clicked on Proceed after UID ***
13:05:02.443 [main] INFO  testCases.IAO_Continue_Customer_Creation - ** Clicked on FP Scanner Button ***
13:05:02.822 [main] INFO  testCases.IAO_Continue_Customer_Creation - ** Clicked on Proceed Fp Capture ***
13:05:03.435 [main] INFO  testCases.IAO_Continue_Customer_Creation - ** Clicked on Ok Button Popup ***
13:05:03.560 [main] INFO  testCases.IAO_Continue_Customer_Creation - ** Clicked on Proceed Button Initial Details ***
14:26:41.243 [main] INFO  org.testng.internal.Utils - [TestNG] Running:
  C:\Users\Lenovo\eclipse-workspace\Re-Imagination\testng.xml

14:27:32.191 [main] ERROR testCases.IAO_Continue_Customer_Creation - Exception Found
15:04:24.862 [main] INFO  org.testng.internal.Utils - [TestNG] Running:
  C:\Users\Lenovo\eclipse-workspace\Re-Imagination\testng.xml

15:05:14.371 [main] INFO  testCases.IAO_Continue_Customer_Creation - ** Clicked on Proceed after UID ***
15:05:20.887 [main] INFO  testCases.IAO_Continue_Customer_Creation - ** Clicked on FP Scanner Button ***
15:05:21.264 [main] INFO  testCases.IAO_Continue_Customer_Creation - ** Clicked on Proceed Fp Capture ***
15:05:22.521 [main] INFO  testCases.IAO_Continue_Customer_Creation - ** Clicked on Ok Button Popup ***
15:05:23.191 [main] INFO  testCases.IAO_Continue_Customer_Creation - ** Clicked on Proceed Button Initial Details ***
11:05:49.115 [main] INFO  org.testng.internal.Utils - [TestNG] Running:
  C:\Users\Lenovo\eclipse-workspace\Re-Imagination\testng.xml

11:06:28.619 [main] INFO  testCases.IAO_Continue_Customer_Creation - ** Clicked on Proceed after UID ***
11:06:36.942 [main] INFO  testCases.IAO_Continue_Customer_Creation - ** Clicked on FP Scanner Button ***
11:06:37.082 [main] INFO  testCases.IAO_Continue_Customer_Creation - ** Clicked on Proceed Fp Capture ***
11:06:37.683 [main] INFO  testCases.IAO_Continue_Customer_Creation - ** Clicked on Ok Button Popup ***
11:06:37.828 [main] INFO  testCases.IAO_Continue_Customer_Creation - ** Clicked on Proceed Button Initial Details ***
18:29:44.666 [main] INFO  org.testng.internal.Utils - [TestNG] Running:
  C:\Users\Lenovo\eclipse-workspace\Re-Imagination\testng.xml

18:30:24.137 [main] INFO  testCases.IAO_Continue_Customer_Creation - ** Clicked on Proceed after UID ***
18:30:30.638 [main] INFO  testCases.IAO_Continue_Customer_Creation - ** Clicked on FP Scanner Button ***
18:30:31.024 [main] INFO  testCases.IAO_Continue_Customer_Creation - ** Clicked on Proceed Fp Capture ***
18:30:36.072 [main] INFO  testCases.IAO_Continue_Customer_Creation - ** Clicked on Ok Button Popup ***
18:30:36.738 [main] INFO  testCases.IAO_Continue_Customer_Creation - ** Clicked on Proceed Button Initial Details ***
18:41:50.785 [main] INFO  org.testng.internal.Utils - [TestNG] Running:
  C:\Users\Lenovo\eclipse-workspace\Re-Imagination\testng.xml

18:46:21.999 [main] INFO  org.testng.internal.Utils - [TestNG] Running:
  C:\Users\Lenovo\eclipse-workspace\Re-Imagination\testng.xml

18:47:44.323 [main] INFO  org.testng.internal.Utils - [TestNG] Running:
  C:\Users\Lenovo\eclipse-workspace\Re-Imagination\testng.xml

18:52:21.666 [main] INFO  org.testng.internal.Utils - [TestNG] Running:
  C:\Users\Lenovo\eclipse-workspace\Re-Imagination\testng.xml

