11:26:12.557 [main] INFO  org.testng.internal.Utils - [TestNG] Running:
  C:\Users\Lenovo\eclipse-workspace\Re-Imagination\testng.xml

11:28:59.402 [main] INFO  org.testng.internal.Utils - [TestNG] Running:
  C:\Users\Lenovo\eclipse-workspace\Re-Imagination\testng.xml

13:08:13.352 [main] INFO  org.testng.internal.Utils - [TestNG] Running:
  C:\Users\Lenovo\eclipse-workspace\Re-Imagination\testng.xml

13:09:54.759 [main] ERROR testCases.IAO_New_Customer_Enrollment - Exception Found
13:11:42.221 [main] INFO  org.testng.internal.Utils - [TestNG] Running:
  C:\Users\Lenovo\eclipse-workspace\Re-Imagination\testng.xml

13:12:15.623 [main] ERROR testCases.IAO_New_Customer_Enrollment - Exception Found
13:26:23.119 [main] INFO  org.testng.internal.Utils - [TestNG] Running:
  C:\Users\Lenovo\eclipse-workspace\Re-Imagination\testng.xml

16:16:42.711 [main] INFO  org.testng.internal.Utils - [TestNG] Running:
  C:\Users\Lenovo\eclipse-workspace\Re-Imagination\testng.xml

16:17:59.901 [main] INFO  org.testng.internal.Utils - [TestNG] Running:
  C:\Users\Lenovo\eclipse-workspace\Re-Imagination\testng.xml

16:20:15.759 [main] INFO  org.testng.internal.Utils - [TestNG] Running:
  C:\Users\Lenovo\eclipse-workspace\Re-Imagination\testng.xml

16:25:27.171 [main] INFO  org.testng.internal.Utils - [TestNG] Running:
  C:\Users\Lenovo\eclipse-workspace\Re-Imagination\testng.xml

16:27:43.385 [main] INFO  org.testng.internal.Utils - [TestNG] Running:
  C:\Users\Lenovo\eclipse-workspace\Re-Imagination\testng.xml

16:28:50.704 [main] INFO  org.testng.internal.Utils - [TestNG] Running:
  C:\Users\Lenovo\eclipse-workspace\Re-Imagination\testng.xml

16:33:55.507 [main] INFO  org.testng.internal.Utils - [TestNG] Running:
  C:\Users\Lenovo\eclipse-workspace\Re-Imagination\testng.xml

16:42:45.585 [main] INFO  org.testng.internal.Utils - [TestNG] Running:
  C:\Users\Lenovo\eclipse-workspace\Re-Imagination\testng.xml

15:04:26.351 [main] INFO  org.testng.internal.Utils - [TestNG] Running:
  C:\Users\Lenovo\eclipse-workspace\Re-Imagination\testng.xml

15:06:30.270 [main] INFO  org.testng.internal.Utils - [TestNG] Running:
  C:\Users\Lenovo\eclipse-workspace\Re-Imagination\testng.xml

16:30:35.248 [main] INFO  org.testng.internal.Utils - [TestNG] Running:
  C:\Users\Lenovo\eclipse-workspace\Re-Imagination\testng.xml

16:31:12.054 [main] INFO  org.testng.internal.Utils - [TestNG] Running:
  C:\Users\Lenovo\eclipse-workspace\Re-Imagination\testng.xml

16:33:02.613 [main] INFO  org.testng.internal.Utils - [Utils] MethodGroupsHelper.collectMethodsByGroup() took 1 ms.
16:33:02.620 [main] INFO  org.testng.internal.Utils - [Utils] MethodGroupsHelper.sortMethods() took 2 ms.
16:33:02.622 [main] INFO  org.testng.internal.Utils - [Utils] MethodGroupsHelper.collectMethodsByGroup() took 0 ms.
16:33:02.622 [main] INFO  org.testng.internal.Utils - [Utils] MethodGroupsHelper.sortMethods() took 0 ms.
16:33:02.623 [main] INFO  org.testng.internal.Utils - [Utils] MethodGroupsHelper.collectMethodsByGroup() took 0 ms.
16:33:02.623 [main] INFO  org.testng.internal.Utils - [Utils] MethodGroupsHelper.sortMethods() took 0 ms.
16:33:02.623 [main] INFO  org.testng.internal.Utils - [Utils] MethodGroupsHelper.collectMethodsByGroup() took 0 ms.
16:33:02.624 [main] INFO  org.testng.internal.Utils - [Utils] MethodGroupsHelper.sortMethods() took 0 ms.
16:33:02.624 [main] INFO  org.testng.internal.Utils - [Utils] MethodGroupsHelper.collectMethodsByGroup() took 0 ms.
16:33:02.624 [main] INFO  org.testng.internal.Utils - [Utils] MethodGroupsHelper.sortMethods() took 0 ms.
16:33:02.625 [main] INFO  org.testng.internal.Utils - [Utils] MethodGroupsHelper.collectMethodsByGroup() took 0 ms.
16:33:02.625 [main] INFO  org.testng.internal.Utils - [Utils] MethodGroupsHelper.sortMethods() took 0 ms.
16:33:02.625 [main] INFO  org.testng.internal.Utils - [Utils] MethodGroupsHelper.collectMethodsByGroup() took 0 ms.
16:33:02.625 [main] INFO  org.testng.internal.Utils - [Utils] MethodGroupsHelper.sortMethods() took 0 ms.
16:33:02.626 [main] INFO  org.testng.internal.Utils - [Utils] MethodGroupsHelper.collectMethodsByGroup() took 0 ms.
16:33:02.626 [main] INFO  org.testng.internal.Utils - [Utils] MethodGroupsHelper.sortMethods() took 0 ms.
16:33:02.632 [main] INFO  org.testng.internal.Utils - [Utils] MethodGroupsHelper.collectMethodsByGroup() took 0 ms.
16:33:02.632 [main] INFO  org.testng.internal.Utils - [Utils] MethodGroupsHelper.sortMethods() took 0 ms.
16:33:02.633 [main] INFO  org.testng.internal.Utils - [Utils] MethodGroupsHelper.collectMethodsByGroup() took 0 ms.
16:33:02.633 [main] INFO  org.testng.internal.Utils - [Utils] MethodGroupsHelper.sortMethods() took 0 ms.
16:33:02.637 [main] INFO  org.testng.internal.Utils - [Utils] MethodGroupsHelper.collectMethodsByGroup() took 0 ms.
16:33:02.637 [main] INFO  org.testng.internal.Utils - [Utils] MethodGroupsHelper.sortMethods() took 0 ms.
16:33:02.637 [main] INFO  org.testng.internal.Utils - [Utils] MethodGroupsHelper.collectMethodsByGroup() took 0 ms.
